Collecting albumentations
  Using cached albumentations-1.2.0-py3-none-any.whl (113 kB)
Collecting scikit-image<0.19,>=0.16.1
  Downloading scikit_image-0.18.3-cp38-cp38-manylinux_2_5_x86_64.manylinux1_x86_64.whl (30.2 MB)
Collecting PyYAML
  Downloading PyYAML-6.0-cp38-cp38-manylinux_2_5_x86_64.manylinux1_x86_64.manylinux_2_12_x86_64.manylinux2010_x86_64.whl (701 kB)
Collecting opencv-python-headless>=4.1.1
  Using cached opencv_python_headless-4.6.0.66-cp36-abi3-manylinux_2_17_x86_64.manylinux2014_x86_64.whl (48.3 MB)
Collecting scipy
  Downloading scipy-1.8.1-cp38-cp38-manylinux_2_17_x86_64.manylinux2014_x86_64.whl (41.6 MB)
Collecting numpy>=1.11.1
  Downloading numpy-1.22.4-cp38-cp38-manylinux_2_17_x86_64.manylinux2014_x86_64.whl (16.9 MB)
Collecting qudida>=0.0.4
  Using cached qudida-0.0.4-py3-none-any.whl (3.5 kB)
Collecting networkx>=2.0
  Downloading networkx-2.8.4-py3-none-any.whl (2.0 MB)
Collecting tifffile>=2019.7.26
  Downloading tifffile-2022.5.4-py3-none-any.whl (195 kB)
Collecting PyWavelets>=1.1.1
  Downloading PyWavelets-1.3.0-cp38-cp38-manylinux_2_17_x86_64.manylinux2014_x86_64.whl (6.9 MB)
Collecting matplotlib!=3.0.0,>=2.0.0
  Downloading matplotlib-3.5.2-cp38-cp38-manylinux_2_5_x86_64.manylinux1_x86_64.whl (11.3 MB)
Collecting pillow!=7.1.0,!=7.1.1,>=4.3.0
  Downloading Pillow-9.1.1-cp38-cp38-manylinux_2_17_x86_64.manylinux2014_x86_64.whl (3.1 MB)
Collecting imageio>=2.3.0
  Downloading imageio-2.19.3-py3-none-any.whl (3.4 MB)
Collecting typing-extensions
  Downloading typing_extensions-4.2.0-py3-none-any.whl (24 kB)
Collecting scikit-learn>=0.19.1
  Downloading scikit_learn-1.1.1-cp38-cp38-manylinux_2_17_x86_64.manylinux2014_x86_64.whl (31.2 MB)
Collecting cycler>=0.10
  Downloading cycler-0.11.0-py3-none-any.whl (6.4 kB)
Collecting pyparsing>=2.2.1
  Downloading pyparsing-3.0.9-py3-none-any.whl (98 kB)
Collecting fonttools>=4.22.0
  Downloading fonttools-4.33.3-py3-none-any.whl (930 kB)
Collecting packaging>=20.0
  Downloading packaging-21.3-py3-none-any.whl (40 kB)
Collecting kiwisolver>=1.0.1
  Downloading kiwisolver-1.4.3-cp38-cp38-manylinux_2_5_x86_64.manylinux1_x86_64.whl (1.2 MB)
Collecting python-dateutil>=2.7
  Downloading python_dateutil-2.8.2-py2.py3-none-any.whl (247 kB)
Collecting joblib>=1.0.0
  Downloading joblib-1.1.0-py2.py3-none-any.whl (306 kB)
Collecting threadpoolctl>=2.0.0
  Downloading threadpoolctl-3.1.0-py3-none-any.whl (14 kB)
Collecting six>=1.5
  Downloading six-1.16.0-py2.py3-none-any.whl (11 kB)
Installing collected packages: networkx, numpy, tifffile, PyWavelets, pillow, cycler, pyparsing, fonttools, packaging, kiwisolver, six, python-dateutil, matplotlib, scipy, imageio, scikit-image, PyYAML, opencv-python-headless, typing-extensions, joblib, threadpoolctl, scikit-learn, qudida, albumentations
ERROR: Operation cancelled by user
WARNING: You are using pip version 20.2.3; however, version 21.3.1 is available.
You should consider upgrading via the '/usr/local/bin/python3.8 -m pip install --upgrade pip' command.
